[2020-03-16 22:22:00] production.ERROR: Argument 2 passed to Illuminate\Routing\UrlGenerator::__construct() must be an instance of Illuminate\Http\Request, null given, called in C:\xampp\htdocs\Project\vendor\laravel\framework\src\Illuminate\Routing\RoutingServiceProvider.php on line 68 {"exception":"[object] (Symfony\\Component\\Debug\\Exception\\FatalThrowableError(code: 0): Argument 2 passed to Illuminate\\Routing\\UrlGenerator::__construct() must be an instance of Illuminate\\Http\\Request, null given, called in C:\\xampp\\htdocs\\Project\\vendor\\laravel\\framework\\src\\Illuminate\\Routing\\RoutingServiceProvider.php on line 68 at C:\\xampp\\htdocs\\Project\\vendor\\laravel\\framework\\src\\Illuminate\\Routing\\UrlGenerator.php:120)
[stacktrace]
#0 C:\\xampp\\htdocs\\Project\\vendor\\laravel\\framework\\src\\Illuminate\\Routing\\RoutingServiceProvider.php(68): Illuminate\\Routing\\UrlGenerator->__construct(Object(Illuminate\\Routing\\RouteCollection), NULL, NULL)
#1 C:\\xampp\\htdocs\\Project\\vendor\\laravel\\framework\\src\\Illuminate\\Container\\Container.php(799): Illuminate\\Routing\\RoutingServiceProvider->Illuminate\\Routing\\{closure}(Object(Illuminate\\Foundation\\Application), Array)
#2 C:\\xampp\\htdocs\\Project\\vendor\\laravel\\framework\\src\\Illuminate\\Container\\Container.php(681): Illuminate\\Container\\Container->build(Object(Closure))
#3 C:\\xampp\\htdocs\\Project\\vendor\\laravel\\framework\\src\\Illuminate\\Container\\Container.php(629): Illuminate\\Container\\Container->resolve('url', Array)
#4 C:\\xampp\\htdocs\\Project\\vendor\\laravel\\framework\\src\\Illuminate\\Foundation\\Application.php(776): Illuminate\\Container\\Container->make('url', Array)
#5 C:\\xampp\\htdocs\\Project\\vendor\\laravel\\framework\\src\\Illuminate\\Foundation\\helpers.php(121): Illuminate\\Foundation\\Application->make('url', Array)
#6 C:\\xampp\\htdocs\\Project\\vendor\\laravel\\framework\\src\\Illuminate\\Foundation\\helpers.php(932): app('Illuminate\\\\Cont...')
#7 C:\\xampp\\htdocs\\Project\\config\\services.php(36): url('/login/facebook...')
#8 C:\\xampp\\htdocs\\Project\\vendor\\laravel\\framework\\src\\Illuminate\\Foundation\\Bootstrap\\LoadConfiguration.php(72): require('C:\\\\xampp\\\\htdocs...')
#9 C:\\xampp\\htdocs\\Project\\vendor\\laravel\\framework\\src\\Illuminate\\Foundation\\Bootstrap\\LoadConfiguration.php(39): Illuminate\\Foundation\\Bootstrap\\LoadConfiguration->loadConfigurationFiles(Object(Illuminate\\Foundation\\Application), Object(Illuminate\\Config\\Repository))
#10 C:\\xampp\\htdocs\\Project\\vendor\\laravel\\framework\\src\\Illuminate\\Foundation\\Application.php(219): Illuminate\\Foundation\\Bootstrap\\LoadConfiguration->bootstrap(Object(Illuminate\\Foundation\\Application))
#11 C:\\xampp\\htdocs\\Project\\vendor\\laravel\\framework\\src\\Illuminate\\Foundation\\Console\\Kernel.php(320): Illuminate\\Foundation\\Application->bootstrapWith(Array)
#12 C:\\xampp\\htdocs\\Project\\vendor\\laravel\\framework\\src\\Illuminate\\Foundation\\Console\\Kernel.php(129): Illuminate\\Foundation\\Console\\Kernel->bootstrap()
#13 C:\\xampp\\htdocs\\Project\\artisan(37): Illuminate\\Foundation\\Console\\Kernel->handle(Object(Symfony\\Component\\Console\\Input\\ArgvInput), Object(Symfony\\Component\\Console\\Output\\ConsoleOutput))
#14 {main}
"} 
[2020-03-16 23:29:39] local.ERROR: SQLSTATE[HY000] [2002] No connection could be made because the target machine actively refused it.
 (SQL: SET FOREIGN_KEY_CHECKS=1;) {"exception":"[object] (Illuminate\\Database\\QueryException(code: 2002): SQLSTATE[HY000] [2002] No connection could be made because the target machine actively refused it.
 (SQL: SET FOREIGN_KEY_CHECKS=1;) at C:\\xampp\\htdocs\\Project\\vendor\\laravel\\framework\\src\\Illuminate\\Database\\Connection.php:669)
[stacktrace]
#0 C:\\xampp\\htdocs\\Project\\vendor\\laravel\\framework\\src\\Illuminate\\Database\\Connection.php(629): Illuminate\\Database\\Connection->runQueryCallback('SET FOREIGN_KEY...', Array, Object(Closure))
#1 C:\\xampp\\htdocs\\Project\\vendor\\laravel\\framework\\src\\Illuminate\\Database\\Connection.php(464): Illuminate\\Database\\Connection->run('SET FOREIGN_KEY...', Array, Object(Closure))
#2 C:\\xampp\\htdocs\\Project\\vendor\\laravel\\framework\\src\\Illuminate\\Database\\Schema\\Builder.php(266): Illuminate\\Database\\Connection->statement('SET FOREIGN_KEY...')
#3 C:\\xampp\\htdocs\\Project\\vendor\\laravel\\framework\\src\\Illuminate\\Support\\Facades\\Facade.php(261): Illuminate\\Database\\Schema\\Builder->enableForeignKeyConstraints()
#4 C:\\xampp\\htdocs\\Project\\app\\Providers\\AppServiceProvider.php(28): Illuminate\\Support\\Facades\\Facade::__callStatic('enableForeignKe...', Array)
#5 [internal function]: App\\Providers\\AppServiceProvider->boot()
#6 C:\\xampp\\htdocs\\Project\\vendor\\laravel\\framework\\src\\Illuminate\\Container\\BoundMethod.php(32): call_user_func_array(Array, Array)
#7 C:\\xampp\\htdocs\\Project\\vendor\\laravel\\framework\\src\\Illuminate\\Container\\Util.php(36): Illuminate\\Container\\BoundMethod::Illuminate\\Container\\{closure}()
#8 C:\\xampp\\htdocs\\Project\\vendor\\laravel\\framework\\src\\Illuminate\\Container\\BoundMethod.php(90): Illuminate\\Container\\Util::unwrapIfClosure(Object(Closure))
#9 C:\\xampp\\htdocs\\Project\\vendor\\laravel\\framework\\src\\Illuminate\\Container\\BoundMethod.php(34): Illuminate\\Container\\BoundMethod::callBoundMethod(Object(Illuminate\\Foundation\\Application), Array, Object(Closure))
#10 C:\\xampp\\htdocs\\Project\\vendor\\laravel\\framework\\src\\Illuminate\\Container\\Container.php(590): Illuminate\\Container\\BoundMethod::call(Object(Illuminate\\Foundation\\Application), Array, Array, NULL)
#11 C:\\xampp\\htdocs\\Project\\vendor\\laravel\\framework\\src\\Illuminate\\Foundation\\Application.php(836): Illuminate\\Container\\Container->call(Array)
#12 C:\\xampp\\htdocs\\Project\\vendor\\laravel\\framework\\src\\Illuminate\\Foundation\\Application.php(819): Illuminate\\Foundation\\Application->bootProvider(Object(App\\Providers\\AppServiceProvider))
#13 [internal function]: Illuminate\\Foundation\\Application->Illuminate\\Foundation\\{closure}(Object(App\\Providers\\AppServiceProvider), 31)
#14 C:\\xampp\\htdocs\\Project\\vendor\\laravel\\framework\\src\\Illuminate\\Foundation\\Application.php(820): array_walk(Array, Object(Closure))
#15 C:\\xampp\\htdocs\\Project\\vendor\\laravel\\framework\\src\\Illuminate\\Foundation\\Bootstrap\\BootProviders.php(17): Illuminate\\Foundation\\Application->boot()
#16 C:\\xampp\\htdocs\\Project\\vendor\\laravel\\framework\\src\\Illuminate\\Foundation\\Application.php(219): Illuminate\\Foundation\\Bootstrap\\BootProviders->bootstrap(Object(Illuminate\\Foundation\\Application))
#17 C:\\xampp\\htdocs\\Project\\vendor\\laravel\\framework\\src\\Illuminate\\Foundation\\Console\\Kernel.php(320): Illuminate\\Foundation\\Application->bootstrapWith(Array)
#18 C:\\xampp\\htdocs\\Project\\vendor\\laravel\\framework\\src\\Illuminate\\Foundation\\Console\\Kernel.php(129): Illuminate\\Foundation\\Console\\Kernel->bootstrap()
#19 C:\\xampp\\htdocs\\Project\\artisan(37): Illuminate\\Foundation\\Console\\Kernel->handle(Object(Symfony\\Component\\Console\\Input\\ArgvInput), Object(Symfony\\Component\\Console\\Output\\ConsoleOutput))
#20 {main}

[previous exception] [object] (PDOException(code: 2002): SQLSTATE[HY000] [2002] No connection could be made because the target machine actively refused it.
 at C:\\xampp\\htdocs\\Project\\vendor\\laravel\\framework\\src\\Illuminate\\Database\\Connectors\\Connector.php:70)
[stacktrace]
#0 C:\\xampp\\htdocs\\Project\\vendor\\laravel\\framework\\src\\Illuminate\\Database\\Connectors\\Connector.php(70): PDO->__construct('mysql:host=127....', 'root', '', Array)
#1 C:\\xampp\\htdocs\\Project\\vendor\\laravel\\framework\\src\\Illuminate\\Database\\Connectors\\Connector.php(46): Illuminate\\Database\\Connectors\\Connector->createPdoConnection('mysql:host=127....', 'root', '', Array)
#2 C:\\xampp\\htdocs\\Project\\vendor\\laravel\\framework\\src\\Illuminate\\Database\\Connectors\\MySqlConnector.php(24): Illuminate\\Database\\Connectors\\Connector->createConnection('mysql:host=127....', Array, Array)
#3 C:\\xampp\\htdocs\\Project\\vendor\\laravel\\framework\\src\\Illuminate\\Database\\Connectors\\ConnectionFactory.php(182): Illuminate\\Database\\Connectors\\MySqlConnector->connect(Array)
#4 [internal function]: Illuminate\\Database\\Connectors\\ConnectionFactory->Illuminate\\Database\\Connectors\\{closure}()
#5 C:\\xampp\\htdocs\\Project\\vendor\\laravel\\framework\\src\\Illuminate\\Database\\Connection.php(924): call_user_func(Object(Closure))
#6 C:\\xampp\\htdocs\\Project\\vendor\\laravel\\framework\\src\\Illuminate\\Database\\Connection.php(457): Illuminate\\Database\\Connection->getPdo()
#7 C:\\xampp\\htdocs\\Project\\vendor\\laravel\\framework\\src\\Illuminate\\Database\\Connection.php(662): Illuminate\\Database\\Connection->Illuminate\\Database\\{closure}('SET FOREIGN_KEY...', Array)
#8 C:\\xampp\\htdocs\\Project\\vendor\\laravel\\framework\\src\\Illuminate\\Database\\Connection.php(629): Illuminate\\Database\\Connection->runQueryCallback('SET FOREIGN_KEY...', Array, Object(Closure))
#9 C:\\xampp\\htdocs\\Project\\vendor\\laravel\\framework\\src\\Illuminate\\Database\\Connection.php(464): Illuminate\\Database\\Connection->run('SET FOREIGN_KEY...', Array, Object(Closure))
#10 C:\\xampp\\htdocs\\Project\\vendor\\laravel\\framework\\src\\Illuminate\\Database\\Schema\\Builder.php(266): Illuminate\\Database\\Connection->statement('SET FOREIGN_KEY...')
#11 C:\\xampp\\htdocs\\Project\\vendor\\laravel\\framework\\src\\Illuminate\\Support\\Facades\\Facade.php(261): Illuminate\\Database\\Schema\\Builder->enableForeignKeyConstraints()
#12 C:\\xampp\\htdocs\\Project\\app\\Providers\\AppServiceProvider.php(28): Illuminate\\Support\\Facades\\Facade::__callStatic('enableForeignKe...', Array)
#13 [internal function]: App\\Providers\\AppServiceProvider->boot()
#14 C:\\xampp\\htdocs\\Project\\vendor\\laravel\\framework\\src\\Illuminate\\Container\\BoundMethod.php(32): call_user_func_array(Array, Array)
#15 C:\\xampp\\htdocs\\Project\\vendor\\laravel\\framework\\src\\Illuminate\\Container\\Util.php(36): Illuminate\\Container\\BoundMethod::Illuminate\\Container\\{closure}()
#16 C:\\xampp\\htdocs\\Project\\vendor\\laravel\\framework\\src\\Illuminate\\Container\\BoundMethod.php(90): Illuminate\\Container\\Util::unwrapIfClosure(Object(Closure))
#17 C:\\xampp\\htdocs\\Project\\vendor\\laravel\\framework\\src\\Illuminate\\Container\\BoundMethod.php(34): Illuminate\\Container\\BoundMethod::callBoundMethod(Object(Illuminate\\Foundation\\Application), Array, Object(Closure))
#18 C:\\xampp\\htdocs\\Project\\vendor\\laravel\\framework\\src\\Illuminate\\Container\\Container.php(590): Illuminate\\Container\\BoundMethod::call(Object(Illuminate\\Foundation\\Application), Array, Array, NULL)
#19 C:\\xampp\\htdocs\\Project\\vendor\\laravel\\framework\\src\\Illuminate\\Foundation\\Application.php(836): Illuminate\\Container\\Container->call(Array)
#20 C:\\xampp\\htdocs\\Project\\vendor\\laravel\\framework\\src\\Illuminate\\Foundation\\Application.php(819): Illuminate\\Foundation\\Application->bootProvider(Object(App\\Providers\\AppServiceProvider))
#21 [internal function]: Illuminate\\Foundation\\Application->Illuminate\\Foundation\\{closure}(Object(App\\Providers\\AppServiceProvider), 31)
#22 C:\\xampp\\htdocs\\Project\\vendor\\laravel\\framework\\src\\Illuminate\\Foundation\\Application.php(820): array_walk(Array, Object(Closure))
#23 C:\\xampp\\htdocs\\Project\\vendor\\laravel\\framework\\src\\Illuminate\\Foundation\\Bootstrap\\BootProviders.php(17): Illuminate\\Foundation\\Application->boot()
#24 C:\\xampp\\htdocs\\Project\\vendor\\laravel\\framework\\src\\Illuminate\\Foundation\\Application.php(219): Illuminate\\Foundation\\Bootstrap\\BootProviders->bootstrap(Object(Illuminate\\Foundation\\Application))
#25 C:\\xampp\\htdocs\\Project\\vendor\\laravel\\framework\\src\\Illuminate\\Foundation\\Console\\Kernel.php(320): Illuminate\\Foundation\\Application->bootstrapWith(Array)
#26 C:\\xampp\\htdocs\\Project\\vendor\\laravel\\framework\\src\\Illuminate\\Foundation\\Console\\Kernel.php(129): Illuminate\\Foundation\\Console\\Kernel->bootstrap()
#27 C:\\xampp\\htdocs\\Project\\artisan(37): Illuminate\\Foundation\\Console\\Kernel->handle(Object(Symfony\\Component\\Console\\Input\\ArgvInput), Object(Symfony\\Component\\Console\\Output\\ConsoleOutput))
#28 {main}
"} 
[2020-03-16 22:29:57] production.ERROR: Argument 2 passed to Illuminate\Routing\UrlGenerator::__construct() must be an instance of Illuminate\Http\Request, null given, called in C:\xampp\htdocs\Project\vendor\laravel\framework\src\Illuminate\Routing\RoutingServiceProvider.php on line 68 {"exception":"[object] (Symfony\\Component\\Debug\\Exception\\FatalThrowableError(code: 0): Argument 2 passed to Illuminate\\Routing\\UrlGenerator::__construct() must be an instance of Illuminate\\Http\\Request, null given, called in C:\\xampp\\htdocs\\Project\\vendor\\laravel\\framework\\src\\Illuminate\\Routing\\RoutingServiceProvider.php on line 68 at C:\\xampp\\htdocs\\Project\\vendor\\laravel\\framework\\src\\Illuminate\\Routing\\UrlGenerator.php:120)
[stacktrace]
#0 C:\\xampp\\htdocs\\Project\\vendor\\laravel\\framework\\src\\Illuminate\\Routing\\RoutingServiceProvider.php(68): Illuminate\\Routing\\UrlGenerator->__construct(Object(Illuminate\\Routing\\RouteCollection), NULL, NULL)
#1 C:\\xampp\\htdocs\\Project\\vendor\\laravel\\framework\\src\\Illuminate\\Container\\Container.php(799): Illuminate\\Routing\\RoutingServiceProvider->Illuminate\\Routing\\{closure}(Object(Illuminate\\Foundation\\Application), Array)
#2 C:\\xampp\\htdocs\\Project\\vendor\\laravel\\framework\\src\\Illuminate\\Container\\Container.php(681): Illuminate\\Container\\Container->build(Object(Closure))
#3 C:\\xampp\\htdocs\\Project\\vendor\\laravel\\framework\\src\\Illuminate\\Container\\Container.php(629): Illuminate\\Container\\Container->resolve('url', Array)
#4 C:\\xampp\\htdocs\\Project\\vendor\\laravel\\framework\\src\\Illuminate\\Foundation\\Application.php(776): Illuminate\\Container\\Container->make('url', Array)
#5 C:\\xampp\\htdocs\\Project\\vendor\\laravel\\framework\\src\\Illuminate\\Foundation\\helpers.php(121): Illuminate\\Foundation\\Application->make('url', Array)
#6 C:\\xampp\\htdocs\\Project\\vendor\\laravel\\framework\\src\\Illuminate\\Foundation\\helpers.php(932): app('Illuminate\\\\Cont...')
#7 C:\\xampp\\htdocs\\Project\\config\\services.php(36): url('/login/facebook...')
#8 C:\\xampp\\htdocs\\Project\\vendor\\laravel\\framework\\src\\Illuminate\\Foundation\\Bootstrap\\LoadConfiguration.php(72): require('C:\\\\xampp\\\\htdocs...')
#9 C:\\xampp\\htdocs\\Project\\vendor\\laravel\\framework\\src\\Illuminate\\Foundation\\Bootstrap\\LoadConfiguration.php(39): Illuminate\\Foundation\\Bootstrap\\LoadConfiguration->loadConfigurationFiles(Object(Illuminate\\Foundation\\Application), Object(Illuminate\\Config\\Repository))
#10 C:\\xampp\\htdocs\\Project\\vendor\\laravel\\framework\\src\\Illuminate\\Foundation\\Application.php(219): Illuminate\\Foundation\\Bootstrap\\LoadConfiguration->bootstrap(Object(Illuminate\\Foundation\\Application))
#11 C:\\xampp\\htdocs\\Project\\vendor\\laravel\\framework\\src\\Illuminate\\Foundation\\Console\\Kernel.php(320): Illuminate\\Foundation\\Application->bootstrapWith(Array)
#12 C:\\xampp\\htdocs\\Project\\vendor\\laravel\\framework\\src\\Illuminate\\Foundation\\Console\\Kernel.php(129): Illuminate\\Foundation\\Console\\Kernel->bootstrap()
#13 C:\\xampp\\htdocs\\Project\\artisan(37): Illuminate\\Foundation\\Console\\Kernel->handle(Object(Symfony\\Component\\Console\\Input\\ArgvInput), Object(Symfony\\Component\\Console\\Output\\ConsoleOutput))
#14 {main}
"} 
[2020-03-16 23:30:47] local.ERROR: SQLSTATE[HY000] [2002] No connection could be made because the target machine actively refused it.
 (SQL: SET FOREIGN_KEY_CHECKS=1;) {"exception":"[object] (Illuminate\\Database\\QueryException(code: 2002): SQLSTATE[HY000] [2002] No connection could be made because the target machine actively refused it.
 (SQL: SET FOREIGN_KEY_CHECKS=1;) at C:\\xampp\\htdocs\\Project\\vendor\\laravel\\framework\\src\\Illuminate\\Database\\Connection.php:669)
[stacktrace]
#0 C:\\xampp\\htdocs\\Project\\vendor\\laravel\\framework\\src\\Illuminate\\Database\\Connection.php(629): Illuminate\\Database\\Connection->runQueryCallback('SET FOREIGN_KEY...', Array, Object(Closure))
#1 C:\\xampp\\htdocs\\Project\\vendor\\laravel\\framework\\src\\Illuminate\\Database\\Connection.php(464): Illuminate\\Database\\Connection->run('SET FOREIGN_KEY...', Array, Object(Closure))
#2 C:\\xampp\\htdocs\\Project\\vendor\\laravel\\framework\\src\\Illuminate\\Database\\Schema\\Builder.php(266): Illuminate\\Database\\Connection->statement('SET FOREIGN_KEY...')
#3 C:\\xampp\\htdocs\\Project\\vendor\\laravel\\framework\\src\\Illuminate\\Support\\Facades\\Facade.php(261): Illuminate\\Database\\Schema\\Builder->enableForeignKeyConstraints()
#4 C:\\xampp\\htdocs\\Project\\app\\Providers\\AppServiceProvider.php(28): Illuminate\\Support\\Facades\\Facade::__callStatic('enableForeignKe...', Array)
#5 [internal function]: App\\Providers\\AppServiceProvider->boot()
#6 C:\\xampp\\htdocs\\Project\\vendor\\laravel\\framework\\src\\Illuminate\\Container\\BoundMethod.php(32): call_user_func_array(Array, Array)
#7 C:\\xampp\\htdocs\\Project\\vendor\\laravel\\framework\\src\\Illuminate\\Container\\Util.php(36): Illuminate\\Container\\BoundMethod::Illuminate\\Container\\{closure}()
#8 C:\\xampp\\htdocs\\Project\\vendor\\laravel\\framework\\src\\Illuminate\\Container\\BoundMethod.php(90): Illuminate\\Container\\Util::unwrapIfClosure(Object(Closure))
#9 C:\\xampp\\htdocs\\Project\\vendor\\laravel\\framework\\src\\Illuminate\\Container\\BoundMethod.php(34): Illuminate\\Container\\BoundMethod::callBoundMethod(Object(Illuminate\\Foundation\\Application), Array, Object(Closure))
#10 C:\\xampp\\htdocs\\Project\\vendor\\laravel\\framework\\src\\Illuminate\\Container\\Container.php(590): Illuminate\\Container\\BoundMethod::call(Object(Illuminate\\Foundation\\Application), Array, Array, NULL)
#11 C:\\xampp\\htdocs\\Project\\vendor\\laravel\\framework\\src\\Illuminate\\Foundation\\Application.php(836): Illuminate\\Container\\Container->call(Array)
#12 C:\\xampp\\htdocs\\Project\\vendor\\laravel\\framework\\src\\Illuminate\\Foundation\\Application.php(819): Illuminate\\Foundation\\Application->bootProvider(Object(App\\Providers\\AppServiceProvider))
#13 [internal function]: Illuminate\\Foundation\\Application->Illuminate\\Foundation\\{closure}(Object(App\\Providers\\AppServiceProvider), 31)
#14 C:\\xampp\\htdocs\\Project\\vendor\\laravel\\framework\\src\\Illuminate\\Foundation\\Application.php(820): array_walk(Array, Object(Closure))
#15 C:\\xampp\\htdocs\\Project\\vendor\\laravel\\framework\\src\\Illuminate\\Foundation\\Bootstrap\\BootProviders.php(17): Illuminate\\Foundation\\Application->boot()
#16 C:\\xampp\\htdocs\\Project\\vendor\\laravel\\framework\\src\\Illuminate\\Foundation\\Application.php(219): Illuminate\\Foundation\\Bootstrap\\BootProviders->bootstrap(Object(Illuminate\\Foundation\\Application))
#17 C:\\xampp\\htdocs\\Project\\vendor\\laravel\\framework\\src\\Illuminate\\Foundation\\Console\\Kernel.php(320): Illuminate\\Foundation\\Application->bootstrapWith(Array)
#18 C:\\xampp\\htdocs\\Project\\vendor\\laravel\\framework\\src\\Illuminate\\Foundation\\Console\\Kernel.php(129): Illuminate\\Foundation\\Console\\Kernel->bootstrap()
#19 C:\\xampp\\htdocs\\Project\\artisan(37): Illuminate\\Foundation\\Console\\Kernel->handle(Object(Symfony\\Component\\Console\\Input\\ArgvInput), Object(Symfony\\Component\\Console\\Output\\ConsoleOutput))
#20 {main}

[previous exception] [object] (PDOException(code: 2002): SQLSTATE[HY000] [2002] No connection could be made because the target machine actively refused it.
 at C:\\xampp\\htdocs\\Project\\vendor\\laravel\\framework\\src\\Illuminate\\Database\\Connectors\\Connector.php:70)
[stacktrace]
#0 C:\\xampp\\htdocs\\Project\\vendor\\laravel\\framework\\src\\Illuminate\\Database\\Connectors\\Connector.php(70): PDO->__construct('mysql:host=127....', 'root', '', Array)
#1 C:\\xampp\\htdocs\\Project\\vendor\\laravel\\framework\\src\\Illuminate\\Database\\Connectors\\Connector.php(46): Illuminate\\Database\\Connectors\\Connector->createPdoConnection('mysql:host=127....', 'root', '', Array)
#2 C:\\xampp\\htdocs\\Project\\vendor\\laravel\\framework\\src\\Illuminate\\Database\\Connectors\\MySqlConnector.php(24): Illuminate\\Database\\Connectors\\Connector->createConnection('mysql:host=127....', Array, Array)
#3 C:\\xampp\\htdocs\\Project\\vendor\\laravel\\framework\\src\\Illuminate\\Database\\Connectors\\ConnectionFactory.php(182): Illuminate\\Database\\Connectors\\MySqlConnector->connect(Array)
#4 [internal function]: Illuminate\\Database\\Connectors\\ConnectionFactory->Illuminate\\Database\\Connectors\\{closure}()
#5 C:\\xampp\\htdocs\\Project\\vendor\\laravel\\framework\\src\\Illuminate\\Database\\Connection.php(924): call_user_func(Object(Closure))
#6 C:\\xampp\\htdocs\\Project\\vendor\\laravel\\framework\\src\\Illuminate\\Database\\Connection.php(457): Illuminate\\Database\\Connection->getPdo()
#7 C:\\xampp\\htdocs\\Project\\vendor\\laravel\\framework\\src\\Illuminate\\Database\\Connection.php(662): Illuminate\\Database\\Connection->Illuminate\\Database\\{closure}('SET FOREIGN_KEY...', Array)
#8 C:\\xampp\\htdocs\\Project\\vendor\\laravel\\framework\\src\\Illuminate\\Database\\Connection.php(629): Illuminate\\Database\\Connection->runQueryCallback('SET FOREIGN_KEY...', Array, Object(Closure))
#9 C:\\xampp\\htdocs\\Project\\vendor\\laravel\\framework\\src\\Illuminate\\Database\\Connection.php(464): Illuminate\\Database\\Connection->run('SET FOREIGN_KEY...', Array, Object(Closure))
#10 C:\\xampp\\htdocs\\Project\\vendor\\laravel\\framework\\src\\Illuminate\\Database\\Schema\\Builder.php(266): Illuminate\\Database\\Connection->statement('SET FOREIGN_KEY...')
#11 C:\\xampp\\htdocs\\Project\\vendor\\laravel\\framework\\src\\Illuminate\\Support\\Facades\\Facade.php(261): Illuminate\\Database\\Schema\\Builder->enableForeignKeyConstraints()
#12 C:\\xampp\\htdocs\\Project\\app\\Providers\\AppServiceProvider.php(28): Illuminate\\Support\\Facades\\Facade::__callStatic('enableForeignKe...', Array)
#13 [internal function]: App\\Providers\\AppServiceProvider->boot()
#14 C:\\xampp\\htdocs\\Project\\vendor\\laravel\\framework\\src\\Illuminate\\Container\\BoundMethod.php(32): call_user_func_array(Array, Array)
#15 C:\\xampp\\htdocs\\Project\\vendor\\laravel\\framework\\src\\Illuminate\\Container\\Util.php(36): Illuminate\\Container\\BoundMethod::Illuminate\\Container\\{closure}()
#16 C:\\xampp\\htdocs\\Project\\vendor\\laravel\\framework\\src\\Illuminate\\Container\\BoundMethod.php(90): Illuminate\\Container\\Util::unwrapIfClosure(Object(Closure))
#17 C:\\xampp\\htdocs\\Project\\vendor\\laravel\\framework\\src\\Illuminate\\Container\\BoundMethod.php(34): Illuminate\\Container\\BoundMethod::callBoundMethod(Object(Illuminate\\Foundation\\Application), Array, Object(Closure))
#18 C:\\xampp\\htdocs\\Project\\vendor\\laravel\\framework\\src\\Illuminate\\Container\\Container.php(590): Illuminate\\Container\\BoundMethod::call(Object(Illuminate\\Foundation\\Application), Array, Array, NULL)
#19 C:\\xampp\\htdocs\\Project\\vendor\\laravel\\framework\\src\\Illuminate\\Foundation\\Application.php(836): Illuminate\\Container\\Container->call(Array)
#20 C:\\xampp\\htdocs\\Project\\vendor\\laravel\\framework\\src\\Illuminate\\Foundation\\Application.php(819): Illuminate\\Foundation\\Application->bootProvider(Object(App\\Providers\\AppServiceProvider))
#21 [internal function]: Illuminate\\Foundation\\Application->Illuminate\\Foundation\\{closure}(Object(App\\Providers\\AppServiceProvider), 31)
#22 C:\\xampp\\htdocs\\Project\\vendor\\laravel\\framework\\src\\Illuminate\\Foundation\\Application.php(820): array_walk(Array, Object(Closure))
#23 C:\\xampp\\htdocs\\Project\\vendor\\laravel\\framework\\src\\Illuminate\\Foundation\\Bootstrap\\BootProviders.php(17): Illuminate\\Foundation\\Application->boot()
#24 C:\\xampp\\htdocs\\Project\\vendor\\laravel\\framework\\src\\Illuminate\\Foundation\\Application.php(219): Illuminate\\Foundation\\Bootstrap\\BootProviders->bootstrap(Object(Illuminate\\Foundation\\Application))
#25 C:\\xampp\\htdocs\\Project\\vendor\\laravel\\framework\\src\\Illuminate\\Foundation\\Console\\Kernel.php(320): Illuminate\\Foundation\\Application->bootstrapWith(Array)
#26 C:\\xampp\\htdocs\\Project\\vendor\\laravel\\framework\\src\\Illuminate\\Foundation\\Console\\Kernel.php(129): Illuminate\\Foundation\\Console\\Kernel->bootstrap()
#27 C:\\xampp\\htdocs\\Project\\artisan(37): Illuminate\\Foundation\\Console\\Kernel->handle(Object(Symfony\\Component\\Console\\Input\\ArgvInput), Object(Symfony\\Component\\Console\\Output\\ConsoleOutput))
#28 {main}
"} 
[2020-03-16 22:33:48] production.ERROR: Argument 2 passed to Illuminate\Routing\UrlGenerator::__construct() must be an instance of Illuminate\Http\Request, null given, called in C:\xampp\htdocs\Project\vendor\laravel\framework\src\Illuminate\Routing\RoutingServiceProvider.php on line 68 {"exception":"[object] (Symfony\\Component\\Debug\\Exception\\FatalThrowableError(code: 0): Argument 2 passed to Illuminate\\Routing\\UrlGenerator::__construct() must be an instance of Illuminate\\Http\\Request, null given, called in C:\\xampp\\htdocs\\Project\\vendor\\laravel\\framework\\src\\Illuminate\\Routing\\RoutingServiceProvider.php on line 68 at C:\\xampp\\htdocs\\Project\\vendor\\laravel\\framework\\src\\Illuminate\\Routing\\UrlGenerator.php:120)
[stacktrace]
#0 C:\\xampp\\htdocs\\Project\\vendor\\laravel\\framework\\src\\Illuminate\\Routing\\RoutingServiceProvider.php(68): Illuminate\\Routing\\UrlGenerator->__construct(Object(Illuminate\\Routing\\RouteCollection), NULL, NULL)
#1 C:\\xampp\\htdocs\\Project\\vendor\\laravel\\framework\\src\\Illuminate\\Container\\Container.php(799): Illuminate\\Routing\\RoutingServiceProvider->Illuminate\\Routing\\{closure}(Object(Illuminate\\Foundation\\Application), Array)
#2 C:\\xampp\\htdocs\\Project\\vendor\\laravel\\framework\\src\\Illuminate\\Container\\Container.php(681): Illuminate\\Container\\Container->build(Object(Closure))
#3 C:\\xampp\\htdocs\\Project\\vendor\\laravel\\framework\\src\\Illuminate\\Container\\Container.php(629): Illuminate\\Container\\Container->resolve('url', Array)
#4 C:\\xampp\\htdocs\\Project\\vendor\\laravel\\framework\\src\\Illuminate\\Foundation\\Application.php(776): Illuminate\\Container\\Container->make('url', Array)
#5 C:\\xampp\\htdocs\\Project\\vendor\\laravel\\framework\\src\\Illuminate\\Foundation\\helpers.php(121): Illuminate\\Foundation\\Application->make('url', Array)
#6 C:\\xampp\\htdocs\\Project\\vendor\\laravel\\framework\\src\\Illuminate\\Foundation\\helpers.php(932): app('Illuminate\\\\Cont...')
#7 C:\\xampp\\htdocs\\Project\\config\\services.php(36): url('/login/facebook...')
#8 C:\\xampp\\htdocs\\Project\\vendor\\laravel\\framework\\src\\Illuminate\\Foundation\\Bootstrap\\LoadConfiguration.php(72): require('C:\\\\xampp\\\\htdocs...')
#9 C:\\xampp\\htdocs\\Project\\vendor\\laravel\\framework\\src\\Illuminate\\Foundation\\Bootstrap\\LoadConfiguration.php(39): Illuminate\\Foundation\\Bootstrap\\LoadConfiguration->loadConfigurationFiles(Object(Illuminate\\Foundation\\Application), Object(Illuminate\\Config\\Repository))
#10 C:\\xampp\\htdocs\\Project\\vendor\\laravel\\framework\\src\\Illuminate\\Foundation\\Application.php(219): Illuminate\\Foundation\\Bootstrap\\LoadConfiguration->bootstrap(Object(Illuminate\\Foundation\\Application))
#11 C:\\xampp\\htdocs\\Project\\vendor\\laravel\\framework\\src\\Illuminate\\Foundation\\Console\\Kernel.php(320): Illuminate\\Foundation\\Application->bootstrapWith(Array)
#12 C:\\xampp\\htdocs\\Project\\vendor\\laravel\\framework\\src\\Illuminate\\Foundation\\Console\\Kernel.php(129): Illuminate\\Foundation\\Console\\Kernel->bootstrap()
#13 C:\\xampp\\htdocs\\Project\\artisan(37): Illuminate\\Foundation\\Console\\Kernel->handle(Object(Symfony\\Component\\Console\\Input\\ArgvInput), Object(Symfony\\Component\\Console\\Output\\ConsoleOutput))
#14 {main}
"} 
[2020-03-16 22:36:44] production.ERROR: Argument 2 passed to Illuminate\Routing\UrlGenerator::__construct() must be an instance of Illuminate\Http\Request, null given, called in C:\xampp\htdocs\Project\vendor\laravel\framework\src\Illuminate\Routing\RoutingServiceProvider.php on line 68 {"exception":"[object] (Symfony\\Component\\Debug\\Exception\\FatalThrowableError(code: 0): Argument 2 passed to Illuminate\\Routing\\UrlGenerator::__construct() must be an instance of Illuminate\\Http\\Request, null given, called in C:\\xampp\\htdocs\\Project\\vendor\\laravel\\framework\\src\\Illuminate\\Routing\\RoutingServiceProvider.php on line 68 at C:\\xampp\\htdocs\\Project\\vendor\\laravel\\framework\\src\\Illuminate\\Routing\\UrlGenerator.php:120)
[stacktrace]
#0 C:\\xampp\\htdocs\\Project\\vendor\\laravel\\framework\\src\\Illuminate\\Routing\\RoutingServiceProvider.php(68): Illuminate\\Routing\\UrlGenerator->__construct(Object(Illuminate\\Routing\\RouteCollection), NULL, NULL)
#1 C:\\xampp\\htdocs\\Project\\vendor\\laravel\\framework\\src\\Illuminate\\Container\\Container.php(799): Illuminate\\Routing\\RoutingServiceProvider->Illuminate\\Routing\\{closure}(Object(Illuminate\\Foundation\\Application), Array)
#2 C:\\xampp\\htdocs\\Project\\vendor\\laravel\\framework\\src\\Illuminate\\Container\\Container.php(681): Illuminate\\Container\\Container->build(Object(Closure))
#3 C:\\xampp\\htdocs\\Project\\vendor\\laravel\\framework\\src\\Illuminate\\Container\\Container.php(629): Illuminate\\Container\\Container->resolve('url', Array)
#4 C:\\xampp\\htdocs\\Project\\vendor\\laravel\\framework\\src\\Illuminate\\Foundation\\Application.php(776): Illuminate\\Container\\Container->make('url', Array)
#5 C:\\xampp\\htdocs\\Project\\vendor\\laravel\\framework\\src\\Illuminate\\Foundation\\helpers.php(121): Illuminate\\Foundation\\Application->make('url', Array)
#6 C:\\xampp\\htdocs\\Project\\vendor\\laravel\\framework\\src\\Illuminate\\Foundation\\helpers.php(929): app('Illuminate\\\\Cont...')
#7 C:\\xampp\\htdocs\\Project\\config\\services.php(36): url()
#8 C:\\xampp\\htdocs\\Project\\vendor\\laravel\\framework\\src\\Illuminate\\Foundation\\Bootstrap\\LoadConfiguration.php(72): require('C:\\\\xampp\\\\htdocs...')
#9 C:\\xampp\\htdocs\\Project\\vendor\\laravel\\framework\\src\\Illuminate\\Foundation\\Bootstrap\\LoadConfiguration.php(39): Illuminate\\Foundation\\Bootstrap\\LoadConfiguration->loadConfigurationFiles(Object(Illuminate\\Foundation\\Application), Object(Illuminate\\Config\\Repository))
#10 C:\\xampp\\htdocs\\Project\\vendor\\laravel\\framework\\src\\Illuminate\\Foundation\\Application.php(219): Illuminate\\Foundation\\Bootstrap\\LoadConfiguration->bootstrap(Object(Illuminate\\Foundation\\Application))
#11 C:\\xampp\\htdocs\\Project\\vendor\\laravel\\framework\\src\\Illuminate\\Foundation\\Console\\Kernel.php(320): Illuminate\\Foundation\\Application->bootstrapWith(Array)
#12 C:\\xampp\\htdocs\\Project\\vendor\\laravel\\framework\\src\\Illuminate\\Foundation\\Console\\Kernel.php(129): Illuminate\\Foundation\\Console\\Kernel->bootstrap()
#13 C:\\xampp\\htdocs\\Project\\artisan(37): Illuminate\\Foundation\\Console\\Kernel->handle(Object(Symfony\\Component\\Console\\Input\\ArgvInput), Object(Symfony\\Component\\Console\\Output\\ConsoleOutput))
#14 {main}
"} 
